<!DOCTYPE html>
<html>
<head>
    <title>Unittest Results</title>
    <meta charset="utf-8">
    <meta name="viewport" content="width=device-width, initial-scale=1.0">
    <link rel="stylesheet" href="https://maxcdn.bootstrapcdn.com/bootstrap/3.3.6/css/bootstrap.min.css" integrity="sha384-1q8mTJOASx8j1Au+a5WDVnPi2lkFfwwEAa8hDDdjZlpLegxhjVME1fgjWPGmkzs7" crossorigin="anonymous">
</head>
<body>
    <div class="container">
        <div class="row">
            <div class="col-xs-12">
                <h2 class="text-capitalize">Unittest Results</h2>
                <p class='attribute'><strong>Start Time: </strong>2024-08-05 22:18:55</p>
                <p class='attribute'><strong>Duration: </strong>12.08 s</p>
                <p class='attribute'><strong>Summary: </strong>Total: 1, Pass: 0, Error: 1</p>
            </div>
        </div>
        <div class="row">
            <div class="col-xs-12 col-sm-10 col-md-10">
                <table class='table table-hover table-responsive'>
                    <thead>
                        <tr>
                            <th>__main__.EcomTest</th>
                            <th>Status</th>
                            <th></th>
                        </tr>
                    </thead>
                    <tbody>
                        <tr class='warning'>
                            <td class="col-xs-10">test_login_purchase</td>
                            <td class="col-xs-1">
                                <span class="label label-warning" style="display:block;width:40px;">Error</span>
                            </td>
                            <td class="col-xs-1">
                                <button class="btn btn-default btn-xs">View</button>
                            </td>
                        </tr>
                        <tr style="display:none;">
                            <td class="col-xs-9" colspan="3"><p style="color:maroon;">TimeoutException: Message: 
Stacktrace:
	GetHandleVerifier [0x0089F653+11395]
	(No symbol) [0x0087B7A4]
	(No symbol) [0x007C1A43]
	(No symbol) [0x008056C8]
	(No symbol) [0x008058AB]
	(No symbol) [0x008426A2]
	(No symbol) [0x008271E4]
	(No symbol) [0x008403DC]
	(No symbol) [0x00826F36]
	(No symbol) [0x007FA276]
	(No symbol) [0x007FAECD]
	GetHandleVerifier [0x009A2403+1071667]
	GetHandleVerifier [0x009AC9C4+1114100]
	GetHandleVerifier [0x009A54B2+1084130]
	GetHandleVerifier [0x008C013B+145259]
	(No symbol) [0x00881693]
	(No symbol) [0x0087EFB8]
	(No symbol) [0x0087F157]
	(No symbol) [0x0087842E]
	BaseThreadInitThunk [0x75E87BA9+25]
	RtlInitializeExceptionChain [0x7765C10B+107]
	RtlClearBits [0x7765C08F+191]
</p><p style="color:maroon;">Traceback (most recent call last):
  File "E:\Newfolder\Yashas\Tests\ecom_project.py", line 50, in test_login_purchase
    search_bar = wait.until(EC.visibility_of_element_located((By.XPATH, "//input[@placeholder='Search for items/categories']")))
                 ^^^^^^^^^^^^^^^^^^^^^^^^^^^^^^^^^^^^^^^^^^^^^^^^^^^^^^^^^^^^^^^^^^^^^^^^^^^^^^^^^^^^^^^^^^^^^^^^^^^^^^^^^^^^^^^
  File "C:\Users\yasha\PycharmProjects\pythonProject\.venv\Lib\site-packages\selenium\webdriver\support\wait.py", line 105, in until
    raise TimeoutException(message, screen, stacktrace)
selenium.common.exceptions.TimeoutException: Message: 
Stacktrace:
	GetHandleVerifier [0x0089F653+11395]
	(No symbol) [0x0087B7A4]
	(No symbol) [0x007C1A43]
	(No symbol) [0x008056C8]
	(No symbol) [0x008058AB]
	(No symbol) [0x008426A2]
	(No symbol) [0x008271E4]
	(No symbol) [0x008403DC]
	(No symbol) [0x00826F36]
	(No symbol) [0x007FA276]
	(No symbol) [0x007FAECD]
	GetHandleVerifier [0x009A2403+1071667]
	GetHandleVerifier [0x009AC9C4+1114100]
	GetHandleVerifier [0x009A54B2+1084130]
	GetHandleVerifier [0x008C013B+145259]
	(No symbol) [0x00881693]
	(No symbol) [0x0087EFB8]
	(No symbol) [0x0087F157]
	(No symbol) [0x0087842E]
	BaseThreadInitThunk [0x75E87BA9+25]
	RtlInitializeExceptionChain [0x7765C10B+107]
	RtlClearBits [0x7765C08F+191]

</p>
                            </td>
                        </tr>
                        <tr>
                            <td colspan="3">
                                Total: 1, Pass: 0, Error: 1 -- Duration: 12.08 s
                            </td>
                        </tr>
                    </tbody>
                </table>
            </div>
        </div>
    </div>
    <script src="https://ajax.googleapis.com/ajax/libs/jquery/2.2.4/jquery.min.js"></script>
    <script type="text/javascript">
        $(document).ready(function(){
            $('td').on('click', '.btn', function(e){
                e.preventDefault();
                e.stopImmediatePropagation();
                var $this = $(this);
                var $nextRow = $this.closest('tr').next('tr');
                $nextRow.slideToggle("fast");
                $this.text(function(i, text){
                    if (text === 'View') {
                        return 'Hide';
                    } else {
                        return 'View';
                    };
                });
            });
        });
    </script>
</body>
</html